<?xml version="1.0" encoding="UTF-8"?><testsuite errors="0" failures="1" name="01_Đăng nhập" skipped="0" tests="1" time="28.05" timestamp="2021-10-16 07:44:03"><testcase name="02_Đăng nhập không thành công"><failure message="expected:&lt;... fill out this field[]&gt; but was:&lt;... fill out this field[.]&gt;" type="java.lang.AssertionError">expected:&lt;... fill out this field[]&gt; but was:&lt;... fill out this field[.]&gt;</failure><system-err>expected:&lt;... fill out this field[]&gt; but was:&lt;... fill out this field[.]&gt;
elpisclothing.pageObjects.Login_PageObject.verifyMessagerErrorDisplayed(Login_PageObject.java:30)
elpisclothing.StepsDefinitions.Login_PageDefinitions.dangnhappage_kim_tra_hin_th_thng_bo_li(Login_PageDefinitions.java:41)
cucumber.runner.PickleStepDefinitionMatch.runStep(PickleStepDefinitionMatch.java:50)
cucumber.runner.TestStep.executeStep(TestStep.java:65)
cucumber.runner.TestStep.run(TestStep.java:50)
cucumber.runner.PickleStepTestStep.run(PickleStepTestStep.java:43)
cucumber.runner.TestCase.run(TestCase.java:46)
cucumber.runner.Runner.runPickle(Runner.java:50)
io.cucumber.junit.FeatureRunner.runChild(FeatureRunner.java:68)
io.cucumber.junit.FeatureRunner.runChild(FeatureRunner.java:23)
io.cucumber.junit.CucumberSerenityRunner.runChild(CucumberSerenityRunner.java:208)
io.cucumber.junit.CucumberSerenityRunner.runChild(CucumberSerenityRunner.java:66)
org.eclipse.jdt.internal.junit4.runner.JUnit4TestReference.run(JUnit4TestReference.java:89)
org.eclipse.jdt.internal.junit.runner.TestExecution.run(TestExecution.java:41)
org.eclipse.jdt.internal.junit.runner.RemoteTestRunner.runTests(RemoteTestRunner.java:542)
org.eclipse.jdt.internal.junit.runner.RemoteTestRunner.runTests(RemoteTestRunner.java:770)
org.eclipse.jdt.internal.junit.runner.RemoteTestRunner.run(RemoteTestRunner.java:464)
org.eclipse.jdt.internal.junit.runner.RemoteTestRunner.main(RemoteTestRunner.java:210)
</system-err></testcase></testsuite>